<?xml version="1.0" encoding="UTF-8"?>
<!-- Generated by org.testng.reporters.JUnitReportReporter -->
<testsuite hostname="mypc" name="com.javascript.JavascriptExecutorDemo" tests="1" failures="0" timestamp="30 May 2020 05:54:45 GMT" time="35.069" errors="0">
  <testcase name="senKeysByJS" time="35.069" classname="com.javascript.JavascriptExecutorDemo"/>
</testsuite> <!-- com.javascript.JavascriptExecutorDemo -->
